<?xml version="1.0" encoding="UTF-8"?>
<!-- Generated by org.testng.reporters.JUnitXMLReporter -->
<testsuite ignored="0" hostname="DESKTOP-11NHTKV" failures="0" tests="6" name="Salesforce CRM Test Cases" time="531.028" errors="0" timestamp="2023-10-12T22:47:15 IST">
  <testcase classname="com.salesforce.qa.testcases.AccountsPageTest" name="createAccount" time="50.437"/>
  <testcase classname="com.salesforce.qa.testcases.ContactsPageTest" name="createContact" time="50.036"/>
  <testcase classname="com.salesforce.qa.testcases.LeadsPageTest" name="createLead" time="70.569"/>
  <testcase classname="com.salesforce.qa.testcases.CampaignsPageTest" name="createCampaign" time="51.192"/>
  <testcase classname="com.salesforce.qa.testcases.OpportunityPageTest" name="createOpportunity" time="49.258"/>
  <testcase classname="com.salesforce.qa.testcases.CasesPageTest" name="createCase" time="39.852"/>
</testsuite> <!-- Salesforce CRM Test Cases -->
