<?xml version="1.0" encoding="UTF-8"?>
<!-- Generated by org.testng.reporters.JUnitXMLReporter -->
<testsuite ignored="0" hostname="DESKTOP-11NHTKV" failures="0" tests="5" name="SalesforceCRM_SalesRep_TestExecution" time="807.529" errors="0" timestamp="2023-10-12T16:32:31 IST">
  <testcase classname="com.salesforce.qa.testcases.salesRep.Accounts_SalesRep" name="createAccountSalesRep" time="39.575"/>
  <testcase classname="com.salesforce.qa.testcases.salesRep.Contacts_SalesRep" name="createContactSalesRep" time="41.979"/>
  <testcase classname="com.salesforce.qa.testcases.salesRep.Leads_SalesRep" name="createLeadSalesRep" time="37.361"/>
  <testcase classname="com.salesforce.qa.testcases.salesRep.Opportunity_SalesRep" name="createOpportunitySalesRep" time="40.504"/>
  <testcase classname="com.salesforce.qa.testcases.salesRep.Cases_SalesRep" name="createCase" time="524.349"/>
</testsuite> <!-- SalesforceCRM_SalesRep_TestExecution -->
